{
  "RSpec": {
    "coverage": {
      "/Users/sakamotoyuuichirou/runteq3/mokumoku/spec/support/capybara.rb": {
        "lines": [
          1,
          1,
          25,
          null,
          null
        ]
      },
      "/Users/sakamotoyuuichirou/runteq3/mokumoku/spec/support/login_macros.rb": {
        "lines": [
          1,
          1,
          19,
          19,
          19,
          19,
          null,
          null
        ]
      },
      "/Users/sakamotoyuuichirou/runteq3/mokumoku/app/models/user.rb": {
        "lines": [
          null,
          null,
          1,
          1,
          null,
          1,
          1,
          1,
          1,
          1,
          1,
          1,
          1,
          1,
          1,
          1,
          1,
          1,
          1,
          null,
          52,
          52,
          52,
          null,
          1,
          null,
          1,
          2,
          1,
          2,
          1,
          2,
          1,
          2,
          null,
          1,
          9,
          null,
          null,
          1,
          4,
          null,
          null,
          1,
          5,
          null,
          null,
          1,
          1,
          null,
          null,
          1,
          0,
          null,
          null,
          1,
          0,
          null,
          null,
          1,
          28,
          null,
          null,
          1,
          9,
          null,
          null,
          1,
          2,
          null,
          null,
          1,
          0,
          null,
          null,
          1,
          0,
          null,
          null,
          1,
          0,
          null,
          null,
          1,
          4,
          null,
          null,
          1,
          2,
          null,
          null,
          1,
          29,
          null,
          null
        ]
      },
      "/Users/sakamotoyuuichirou/runteq3/mokumoku/app/models/application_record.rb": {
        "lines": [
          null,
          null,
          1,
          1,
          null
        ]
      },
      "/Users/sakamotoyuuichirou/runteq3/mokumoku/spec/requests/api/me/events_spec.rb": {
        "lines": [
          null,
          null,
          1,
          null,
          1,
          1,
          2,
          2,
          2,
          1,
          1,
          1,
          1,
          1,
          null,
          null,
          1,
          1,
          1,
          1,
          1,
          2,
          null,
          null,
          null,
          null,
          null,
          null,
          null,
          null,
          null
        ]
      },
      "/Users/sakamotoyuuichirou/runteq3/mokumoku/spec/system/events_spec.rb": {
        "lines": [
          1,
          null,
          1,
          7,
          7,
          null,
          1,
          1,
          1,
          1,
          null,
          null,
          1,
          1,
          1,
          1,
          1,
          1,
          null,
          null,
          null,
          1,
          1,
          5,
          null,
          null,
          1,
          1,
          1,
          1,
          1,
          1,
          1,
          null,
          1,
          1,
          1,
          1,
          null,
          1,
          1,
          1,
          1,
          null,
          1,
          1,
          1,
          1,
          null,
          null,
          1,
          1,
          1,
          1,
          1,
          1,
          1,
          null,
          1,
          1,
          1,
          1,
          null,
          1,
          1,
          1,
          1,
          null,
          1,
          1,
          1,
          1,
          null,
          null,
          1,
          1,
          1,
          1,
          1,
          1,
          1,
          null,
          1,
          null,
          null,
          1,
          1,
          1,
          1,
          1,
          1,
          1,
          null,
          1,
          null,
          null,
          1,
          1,
          1,
          1,
          1,
          1,
          1,
          null,
          1,
          null,
          null,
          null,
          1,
          1,
          5,
          null,
          null,
          1,
          1,
          1,
          1,
          1,
          1,
          1,
          null,
          1,
          1,
          1,
          1,
          null,
          1,
          1,
          1,
          1,
          null,
          null,
          1,
          1,
          1,
          1,
          1,
          1,
          1,
          null,
          1,
          1,
          1,
          1,
          null,
          1,
          1,
          1,
          1,
          null,
          1,
          1,
          1,
          1,
          null,
          null,
          1,
          1,
          1,
          1,
          1,
          1,
          1,
          null,
          1,
          null,
          null,
          1,
          1,
          1,
          1,
          1,
          1,
          1,
          null,
          1,
          null,
          null,
          1,
          1,
          1,
          1,
          1,
          1,
          1,
          null,
          1,
          null,
          null,
          null,
          null
        ]
      },
      "/Users/sakamotoyuuichirou/runteq3/mokumoku/spec/system/followings_spec.rb": {
        "lines": [
          1,
          null,
          1,
          3,
          5,
          5,
          3,
          null,
          1,
          1,
          1,
          1,
          1,
          1,
          1,
          null,
          1,
          1,
          null,
          1,
          null,
          1,
          null,
          1,
          null,
          null,
          1,
          1,
          1,
          1,
          1,
          null,
          1,
          null,
          1,
          null,
          1,
          null,
          1,
          null,
          null,
          null,
          1,
          1,
          1,
          1,
          1,
          1,
          null,
          1,
          1,
          null,
          1,
          null,
          1,
          null,
          1,
          null,
          1,
          null,
          1,
          null,
          null,
          1,
          null,
          1,
          1,
          1,
          1,
          null,
          1,
          null,
          1,
          null,
          1,
          null,
          1,
          null,
          1,
          null,
          1,
          null,
          null,
          null,
          null
        ]
      },
      "/Users/sakamotoyuuichirou/runteq3/mokumoku/spec/system/profiles_spec.rb": {
        "lines": [
          1,
          null,
          1,
          4,
          2,
          4,
          3,
          2,
          null,
          1,
          1,
          1,
          1,
          1,
          1,
          1,
          1,
          null,
          1,
          1,
          null,
          null,
          1,
          1,
          1,
          1,
          1,
          null,
          1,
          1,
          1,
          null,
          1,
          1,
          null,
          null,
          null,
          1,
          1,
          1,
          1,
          1,
          1,
          null,
          1,
          null,
          1,
          1,
          1,
          null,
          null,
          null,
          1,
          1,
          1,
          1,
          1,
          1,
          null,
          1,
          1,
          null,
          1,
          1,
          1,
          null,
          null,
          null,
          null
        ]
      },
      "/Users/sakamotoyuuichirou/runteq3/mokumoku/spec/system/sessions_spec.rb": {
        "lines": [
          1,
          null,
          1,
          2,
          null,
          1,
          1,
          1,
          1,
          1,
          1,
          null,
          1,
          null,
          null,
          1,
          1,
          1,
          1,
          1,
          null,
          1,
          1,
          null,
          null,
          null
        ]
      },
      "/Users/sakamotoyuuichirou/runteq3/mokumoku/spec/system/users_spec.rb": {
        "lines": [
          1,
          null,
          1,
          1,
          1,
          1,
          1,
          1,
          1,
          1,
          1,
          1,
          null,
          1,
          1,
          1,
          1,
          null,
          1,
          null,
          null,
          null,
          1,
          1,
          1,
          1,
          1,
          1,
          1,
          1,
          null,
          1,
          null,
          null,
          1,
          1,
          1,
          1,
          1,
          1,
          1,
          null,
          1,
          null,
          null,
          1,
          1,
          1,
          1,
          1,
          1,
          1,
          null,
          1,
          null,
          null,
          null,
          null
        ]
      },
      "/Users/sakamotoyuuichirou/runteq3/mokumoku/db/seeds.rb": {
        "lines": [
          null,
          null,
          1
        ]
      },
      "/Users/sakamotoyuuichirou/runteq3/mokumoku/db/environment/test.rb": {
        "lines": [
          null,
          null,
          1,
          1
        ]
      },
      "/Users/sakamotoyuuichirou/runteq3/mokumoku/db/seeds/prefectures.rb": {
        "lines": [
          null,
          null,
          1,
          1,
          1,
          1,
          1,
          1,
          1,
          1,
          1,
          1,
          1,
          1,
          1,
          1,
          1,
          1,
          1,
          1,
          1,
          1,
          1,
          1,
          1,
          1,
          1,
          1,
          1,
          1,
          1,
          1,
          1,
          1,
          1,
          1,
          1,
          1,
          1,
          1,
          1,
          1,
          1,
          1,
          1,
          1,
          1,
          1,
          1
        ]
      },
      "/Users/sakamotoyuuichirou/runteq3/mokumoku/app/models/prefecture.rb": {
        "lines": [
          null,
          null,
          1,
          1,
          null
        ]
      },
      "/Users/sakamotoyuuichirou/runteq3/mokumoku/db/seeds/notification_timings.rb": {
        "lines": [
          null,
          null,
          1,
          1,
          1,
          1
        ]
      },
      "/Users/sakamotoyuuichirou/runteq3/mokumoku/app/models/notification_timing.rb": {
        "lines": [
          null,
          null,
          1,
          1,
          1,
          null,
          null,
          null,
          null,
          null,
          null
        ]
      },
      "/Users/sakamotoyuuichirou/runteq3/mokumoku/app/models/user_notification_timing.rb": {
        "lines": [
          null,
          null,
          1,
          1,
          1,
          null,
          1,
          null
        ]
      },
      "/Users/sakamotoyuuichirou/runteq3/mokumoku/app/models/event.rb": {
        "lines": [
          null,
          null,
          1,
          1,
          1,
          1,
          1,
          1,
          1,
          1,
          1,
          1,
          null,
          33,
          3,
          null,
          1,
          1,
          1,
          1,
          null,
          null,
          1,
          9,
          null,
          null,
          1,
          0,
          null,
          null
        ]
      },
      "/Users/sakamotoyuuichirou/runteq3/mokumoku/app/models/concerns/notifiable.rb": {
        "lines": [
          null,
          null,
          1,
          1,
          null,
          1,
          3,
          null,
          null
        ]
      },
      "/Users/sakamotoyuuichirou/runteq3/mokumoku/app/models/event_attendance.rb": {
        "lines": [
          null,
          null,
          1,
          1,
          1,
          1,
          null,
          1,
          null
        ]
      },
      "/Users/sakamotoyuuichirou/runteq3/mokumoku/app/models/notification.rb": {
        "lines": [
          null,
          null,
          1,
          1,
          1,
          1,
          1,
          null,
          1,
          null,
          1,
          null,
          null,
          null,
          null,
          null,
          null,
          77,
          null,
          1,
          2,
          null,
          null,
          null,
          null,
          null,
          null,
          null,
          null,
          null,
          1,
          0,
          null,
          null,
          null,
          null,
          null,
          null,
          null,
          null,
          null,
          1,
          0,
          null,
          null,
          null,
          null,
          null,
          null,
          null,
          null,
          null,
          1,
          0,
          null,
          null,
          null,
          null,
          null,
          null,
          null,
          null,
          null,
          null,
          1,
          0,
          null,
          null,
          0,
          null,
          0,
          null,
          0,
          null,
          0,
          null,
          0,
          null,
          null,
          null,
          null,
          null
        ]
      },
      "/Users/sakamotoyuuichirou/runteq3/mokumoku/app/controllers/sessions_controller.rb": {
        "lines": [
          null,
          null,
          1,
          1,
          null,
          1,
          23,
          23,
          22,
          null,
          1,
          1,
          null,
          null,
          null,
          1,
          0,
          0,
          null,
          null
        ]
      },
      "/Users/sakamotoyuuichirou/runteq3/mokumoku/app/controllers/application_controller.rb": {
        "lines": [
          null,
          null,
          1,
          null
        ]
      },
      "/Users/sakamotoyuuichirou/runteq3/mokumoku/app/controllers/api/me/events_controller.rb": {
        "lines": [
          null,
          null,
          1,
          1,
          null,
          1,
          1,
          null,
          null
        ]
      },
      "/Users/sakamotoyuuichirou/runteq3/mokumoku/app/controllers/events_controller.rb": {
        "lines": [
          null,
          null,
          1,
          1,
          31,
          31,
          null,
          null,
          null,
          1,
          1,
          1,
          null,
          1,
          1,
          null,
          null,
          1,
          2,
          2,
          null,
          2,
          2,
          null,
          null,
          1,
          5,
          null,
          null,
          1,
          5,
          5,
          2,
          2,
          null,
          null,
          2,
          null,
          3,
          null,
          null,
          null,
          1,
          9,
          null,
          null,
          1,
          5,
          null,
          null,
          1,
          5,
          5,
          2,
          null,
          3,
          null,
          null,
          null,
          1,
          null,
          1,
          10,
          null,
          null
        ]
      },
      "/Users/sakamotoyuuichirou/runteq3/mokumoku/app/decorators/user_decorator.rb": {
        "lines": [
          null,
          null,
          1,
          1,
          null,
          1,
          209,
          null,
          null
        ]
      },
      "/Users/sakamotoyuuichirou/runteq3/mokumoku/app/models/bookmark.rb": {
        "lines": [
          null,
          null,
          1,
          1,
          1,
          null,
          1,
          null
        ]
      },
      "/Users/sakamotoyuuichirou/runteq3/mokumoku/app/decorators/event_decorator.rb": {
        "lines": [
          null,
          null,
          1,
          1,
          null,
          1,
          44,
          null,
          null
        ]
      },
      "/Users/sakamotoyuuichirou/runteq3/mokumoku/app/models/relationship.rb": {
        "lines": [
          1,
          1,
          1,
          null
        ]
      },
      "/Users/sakamotoyuuichirou/runteq3/mokumoku/app/models/notification_facade.rb": {
        "lines": [
          null,
          null,
          1,
          1,
          2,
          2,
          null,
          0,
          null,
          null,
          1,
          0,
          0,
          null,
          0,
          null,
          null,
          1,
          0,
          0,
          null,
          0,
          null,
          null,
          1,
          0,
          0,
          null,
          0,
          null,
          null
        ]
      },
      "/Users/sakamotoyuuichirou/runteq3/mokumoku/app/models/comment.rb": {
        "lines": [
          null,
          null,
          1,
          1,
          1,
          1,
          null
        ]
      },
      "/Users/sakamotoyuuichirou/runteq3/mokumoku/app/controllers/users_controller.rb": {
        "lines": [
          null,
          null,
          1,
          1,
          4,
          null,
          null,
          1,
          4,
          4,
          1,
          1,
          null,
          3,
          3,
          null,
          null,
          null,
          1,
          12,
          null,
          null,
          1,
          4,
          null,
          null
        ]
      },
      "/Users/sakamotoyuuichirou/runteq3/mokumoku/app/controllers/relationships_controller.rb": {
        "lines": [
          1,
          1,
          4,
          4,
          null,
          null,
          1,
          2,
          2,
          null,
          null,
          1,
          0,
          0,
          null,
          null,
          1,
          0,
          0,
          null,
          null
        ]
      },
      "/Users/sakamotoyuuichirou/runteq3/mokumoku/app/controllers/mypage/profiles_controller.rb": {
        "lines": [
          null,
          null,
          1,
          1,
          4,
          null,
          null,
          1,
          2,
          2,
          2,
          null,
          0,
          null,
          null,
          null,
          1,
          null,
          1,
          2,
          null,
          null
        ]
      },
      "/Users/sakamotoyuuichirou/runteq3/mokumoku/app/controllers/mypage/base_controller.rb": {
        "lines": [
          null,
          null,
          1,
          1,
          1,
          null
        ]
      }
    },
    "timestamp": 1669860000
  }
}
